<?xml version="1.0" encoding="UTF-8"?>
<testng-results skipped="0" failed="0" total="1" passed="1">
  <reporter-output>
  </reporter-output>
  <suite name="Suite" duration-ms="46786" started-at="2019-07-25T03:34:25Z" finished-at="2019-07-25T03:35:12Z">
    <groups>
      <group name="cucumber">
        <method signature="AbstractTestNGCucumberTests.feature(cucumber.api.testng.CucumberFeatureWrapper)[pri:0, instance:TestRunner.Testrunner@77b52d12]" name="feature" class="cucumber.api.testng.AbstractTestNGCucumberTests"/>
      </group> <!-- cucumber -->
    </groups>
    <test name="grouping" duration-ms="46786" started-at="2019-07-25T03:34:25Z" finished-at="2019-07-25T03:35:12Z">
      <class name="TestRunner.Testrunner">
        <test-method status="PASS" signature="setUpClass()[pri:0, instance:TestRunner.Testrunner@77b52d12]" name="setUpClass" is-config="true" duration-ms="411" started-at="2019-07-25T09:04:25Z" finished-at="2019-07-25T09:04:26Z">
          <reporter-output>
          </reporter-output>
        </test-method> <!-- setUpClass -->
        <test-method status="PASS" signature="feature(cucumber.api.testng.CucumberFeatureWrapper)[pri:0, instance:TestRunner.Testrunner@77b52d12]" name="feature" duration-ms="46207" started-at="2019-07-25T09:04:26Z" description="Runs Cucumber Feature" data-provider="features" finished-at="2019-07-25T09:05:12Z">
          <params>
            <param index="0">
              <value>
                <![CDATA[testautomation login]]>
              </value>
            </param>
          </params>
          <reporter-output>
          </reporter-output>
        </test-method> <!-- feature -->
        <test-method status="PASS" signature="tearDownClass()[pri:0, instance:TestRunner.Testrunner@77b52d12]" name="tearDownClass" is-config="true" duration-ms="37" started-at="2019-07-25T09:05:12Z" finished-at="2019-07-25T09:05:12Z">
          <reporter-output>
          </reporter-output>
        </test-method> <!-- tearDownClass -->
      </class> <!-- TestRunner.Testrunner -->
    </test> <!-- grouping -->
  </suite> <!-- Suite -->
</testng-results>
